<?xml version="1.0" encoding="UTF-8"?>
<!-- Generated by org.testng.reporters.JUnitXMLReporter -->
<testsuite ignored="0" hostname="LIN-5CD5329NYB" failures="2" tests="3" name="Test" time="22.839" errors="0" timestamp="2025-10-29T16:50:43 IST">
  <testcase classname="io.cucumber.testng.AbstractTestNGCucumberTests" name="runScenario" time="8.014"/>
  <testcase classname="io.cucumber.testng.AbstractTestNGCucumberTests" name="runScenario" time="6.653">
    <failure type="java.lang.AssertionError">
      <![CDATA[java.lang.AssertionError
at org.junit.Assert.fail(Assert.java:87)
at org.junit.Assert.assertTrue(Assert.java:42)
at org.junit.Assert.assertTrue(Assert.java:53)
at Com.Gmail.Users.StepDef.NewtoursLogin.its_navigated_to_the_home_page(NewtoursLogin.java:53)
at ✽.Its navigated to the web page "Enter your userName and password correct"(file:///C:/Users/gcharuga/eclipse-workspace/HDFC_BDD/./src/test/java/Com/Gmail/Users/Features/Login2.feature:48)
]]>
    </failure>
  </testcase> <!-- runScenario -->
  <testcase classname="io.cucumber.testng.AbstractTestNGCucumberTests" name="runScenario" time="6.437">
    <failure type="java.lang.AssertionError">
      <![CDATA[java.lang.AssertionError
at org.junit.Assert.fail(Assert.java:87)
at org.junit.Assert.assertTrue(Assert.java:42)
at org.junit.Assert.assertTrue(Assert.java:53)
at Com.Gmail.Users.StepDef.NewtoursLogin.its_navigated_to_the_home_page(NewtoursLogin.java:53)
at ✽.Its navigated to the web page "Enter your userName and password correct"(file:///C:/Users/gcharuga/eclipse-workspace/HDFC_BDD/./src/test/java/Com/Gmail/Users/Features/Login2.feature:48)
]]>
    </failure>
  </testcase> <!-- runScenario -->
</testsuite> <!-- Test -->
