<?xml version="1.0" encoding="UTF-8"?>
<testng-results ignored="0" total="3" passed="1" failed="2" skipped="0">
  <reporter-output>
  </reporter-output>
  <suite started-at="2025-10-29T16:50:20 IST" name="Suite" finished-at="2025-10-29T16:50:43 IST" duration-ms="22839">
    <groups>
      <group name="cucumber">
        <method signature="AbstractTestNGCucumberTests.runScenario(io.cucumber.testng.PickleWrapper,io.cucumber.testng.FeatureWrapper)[pri:0, instance:Com.Gmail.Users.Runner.TestRunner2@394df057]" name="runScenario" class="io.cucumber.testng.AbstractTestNGCucumberTests"/>
      </group> <!-- cucumber -->
    </groups>
    <test started-at="2025-10-29T16:50:20 IST" name="Test" finished-at="2025-10-29T16:50:43 IST" duration-ms="22839">
      <class name="Com.Gmail.Users.Runner.TestRunner2">
        <test-method is-config="true" signature="setUpClass(org.testng.ITestContext)[pri:0, instance:Com.Gmail.Users.Runner.TestRunner2@394df057]" started-at="2025-10-29T16:50:20 IST" name="setUpClass" finished-at="2025-10-29T16:50:21 IST" duration-ms="1027" status="PASS">
          <params>
            <param index="0">
              <value>
                <![CDATA[org.testng.TestRunner@2e7bf7b7]]>
              </value>
            </param>
          </params>
          <reporter-output>
          </reporter-output>
        </test-method> <!-- setUpClass -->
        <test-method signature="runScenario(io.cucumber.testng.PickleWrapper,io.cucumber.testng.FeatureWrapper)[pri:0, instance:Com.Gmail.Users.Runner.TestRunner2@394df057]" started-at="2025-10-29T16:50:22 IST" name="runScenario" description="Runs Cucumber Scenarios" data-provider="scenarios" finished-at="2025-10-29T16:50:30 IST" duration-ms="8014" status="PASS">
          <params>
            <param index="0">
              <value>
                <![CDATA["login with multiple data"]]>
              </value>
            </param>
            <param index="1">
              <value>
                <![CDATA["Store login"]]>
              </value>
            </param>
          </params>
          <reporter-output>
          </reporter-output>
        </test-method> <!-- runScenario -->
        <test-method signature="runScenario(io.cucumber.testng.PickleWrapper,io.cucumber.testng.FeatureWrapper)[pri:0, instance:Com.Gmail.Users.Runner.TestRunner2@394df057]" started-at="2025-10-29T16:50:30 IST" name="runScenario" description="Runs Cucumber Scenarios" data-provider="scenarios" finished-at="2025-10-29T16:50:36 IST" duration-ms="6653" status="FAIL">
          <params>
            <param index="0">
              <value>
                <![CDATA["login with multiple data"]]>
              </value>
            </param>
            <param index="1">
              <value>
                <![CDATA["Store login"]]>
              </value>
            </param>
          </params>
          <exception class="java.lang.AssertionError">
            <full-stacktrace>
              <![CDATA[java.lang.AssertionError
at org.junit.Assert.fail(Assert.java:87)
at org.junit.Assert.assertTrue(Assert.java:42)
at org.junit.Assert.assertTrue(Assert.java:53)
at Com.Gmail.Users.StepDef.NewtoursLogin.its_navigated_to_the_home_page(NewtoursLogin.java:53)
at ✽.Its navigated to the web page "Enter your userName and password correct"(file:///C:/Users/gcharuga/eclipse-workspace/HDFC_BDD/./src/test/java/Com/Gmail/Users/Features/Login2.feature:48)
]]>
            </full-stacktrace>
          </exception> <!-- java.lang.AssertionError -->
          <reporter-output>
          </reporter-output>
        </test-method> <!-- runScenario -->
        <test-method signature="runScenario(io.cucumber.testng.PickleWrapper,io.cucumber.testng.FeatureWrapper)[pri:0, instance:Com.Gmail.Users.Runner.TestRunner2@394df057]" started-at="2025-10-29T16:50:36 IST" name="runScenario" description="Runs Cucumber Scenarios" data-provider="scenarios" finished-at="2025-10-29T16:50:43 IST" duration-ms="6437" status="FAIL">
          <params>
            <param index="0">
              <value>
                <![CDATA["login with multiple data"]]>
              </value>
            </param>
            <param index="1">
              <value>
                <![CDATA["Store login"]]>
              </value>
            </param>
          </params>
          <exception class="java.lang.AssertionError">
            <full-stacktrace>
              <![CDATA[java.lang.AssertionError
at org.junit.Assert.fail(Assert.java:87)
at org.junit.Assert.assertTrue(Assert.java:42)
at org.junit.Assert.assertTrue(Assert.java:53)
at Com.Gmail.Users.StepDef.NewtoursLogin.its_navigated_to_the_home_page(NewtoursLogin.java:53)
at ✽.Its navigated to the web page "Enter your userName and password correct"(file:///C:/Users/gcharuga/eclipse-workspace/HDFC_BDD/./src/test/java/Com/Gmail/Users/Features/Login2.feature:48)
]]>
            </full-stacktrace>
          </exception> <!-- java.lang.AssertionError -->
          <reporter-output>
          </reporter-output>
        </test-method> <!-- runScenario -->
        <test-method is-config="true" signature="tearDownClass()[pri:0, instance:Com.Gmail.Users.Runner.TestRunner2@394df057]" started-at="2025-10-29T16:50:43 IST" name="tearDownClass" finished-at="2025-10-29T16:50:43 IST" duration-ms="625" status="PASS">
          <reporter-output>
          </reporter-output>
        </test-method> <!-- tearDownClass -->
      </class> <!-- Com.Gmail.Users.Runner.TestRunner2 -->
    </test> <!-- Test -->
  </suite> <!-- Suite -->
</testng-results>
